Traceback (most recent call last):
  File "/Users/hinabandukwala/miniconda3/envs/wine-origin-prediction/lib/python3.11/site-packages/jupyter_cache/executors/utils.py", line 58, in single_nb_execution
    executenb(
  File "/Users/hinabandukwala/miniconda3/envs/wine-origin-prediction/lib/python3.11/site-packages/nbclient/client.py", line 1305, in execute
    return NotebookClient(nb=nb, resources=resources, km=km, **kwargs).execute()
           ^^^^^^^^^^^^^^^^^^^^^^^^^^^^^^^^^^^^^^^^^^^^^^^^^^^^^^^^^^^^^^^^^^^^^
  File "/Users/hinabandukwala/miniconda3/envs/wine-origin-prediction/lib/python3.11/site-packages/jupyter_core/utils/__init__.py", line 173, in wrapped
    return loop.run_until_complete(inner)
           ^^^^^^^^^^^^^^^^^^^^^^^^^^^^^^
  File "/Users/hinabandukwala/miniconda3/envs/wine-origin-prediction/lib/python3.11/asyncio/base_events.py", line 653, in run_until_complete
    return future.result()
           ^^^^^^^^^^^^^^^
  File "/Users/hinabandukwala/miniconda3/envs/wine-origin-prediction/lib/python3.11/site-packages/nbclient/client.py", line 705, in async_execute
    await self.async_execute_cell(
  File "/Users/hinabandukwala/miniconda3/envs/wine-origin-prediction/lib/python3.11/site-packages/nbclient/client.py", line 1058, in async_execute_cell
    await self._check_raise_for_error(cell, cell_index, exec_reply)
  File "/Users/hinabandukwala/miniconda3/envs/wine-origin-prediction/lib/python3.11/site-packages/nbclient/client.py", line 914, in _check_raise_for_error
    raise CellExecutionError.from_cell_and_msg(cell, exec_reply_content)
nbclient.exceptions.CellExecutionError: An error occurred while executing the following cell:
------------------
#Attribution: Code adapted from 
#https://github.com/ttimbers/breast_cancer_predictor_py/blob/main/report/
#breast_cancer_predictor_report.ipynb

test_scores_df = pd.read_csv("../results/tables/test_results.csv")
glue("accuracy", test_scores_df['accuracy'].values[0], display=False)
glue("f1", test_scores_df['F1 score'].values[0], display=False)
test_scores_df = test_scores_df.style.format().hide()
glue("test_scores_df", test_scores_df, display=False)
------------------


[0;31m---------------------------------------------------------------------------[0m
[0;31mKeyboardInterrupt[0m                         Traceback (most recent call last)
Cell [0;32mIn[2], line 8[0m
[1;32m      6[0m glue([38;5;124m"[39m[38;5;124maccuracy[39m[38;5;124m"[39m, test_scores_df[[38;5;124m'[39m[38;5;124maccuracy[39m[38;5;124m'[39m][38;5;241m.[39mvalues[[38;5;241m0[39m], display[38;5;241m=[39m[38;5;28;01mFalse[39;00m)
[1;32m      7[0m glue([38;5;124m"[39m[38;5;124mf1[39m[38;5;124m"[39m, test_scores_df[[38;5;124m'[39m[38;5;124mF1 score[39m[38;5;124m'[39m][38;5;241m.[39mvalues[[38;5;241m0[39m], display[38;5;241m=[39m[38;5;28;01mFalse[39;00m)
[0;32m----> 8[0m test_scores_df [38;5;241m=[39m [43mtest_scores_df[49m[38;5;241;43m.[39;49m[43mstyle[49m[38;5;241m.[39mformat()[38;5;241m.[39mhide()
[1;32m      9[0m glue([38;5;124m"[39m[38;5;124mtest_scores_df[39m[38;5;124m"[39m, test_scores_df, display[38;5;241m=[39m[38;5;28;01mFalse[39;00m)

File [0;32m~/miniconda3/envs/wine-origin-prediction/lib/python3.11/site-packages/pandas/core/frame.py:1341[0m, in [0;36mDataFrame.style[0;34m(self)[0m
[1;32m   1321[0m [38;5;129m@property[39m
[1;32m   1322[0m [38;5;28;01mdef[39;00m [38;5;21mstyle[39m([38;5;28mself[39m) [38;5;241m-[39m[38;5;241m>[39m Styler:
[1;32m   1323[0m [38;5;250m    [39m[38;5;124;03m"""[39;00m
[1;32m   1324[0m [38;5;124;03m    Returns a Styler object.[39;00m
[1;32m   1325[0m 
[0;32m   (...)[0m
[1;32m   1339[0m [38;5;124;03m    `Table Visualization <../../user_guide/style.ipynb>`_ for more examples.[39;00m
[1;32m   1340[0m [38;5;124;03m    """[39;00m
[0;32m-> 1341[0m     [38;5;28;01mfrom[39;00m [38;5;21;01mpandas[39;00m[38;5;21;01m.[39;00m[38;5;21;01mio[39;00m[38;5;21;01m.[39;00m[38;5;21;01mformats[39;00m[38;5;21;01m.[39;00m[38;5;21;01mstyle[39;00m [38;5;28;01mimport[39;00m Styler
[1;32m   1343[0m     [38;5;28;01mreturn[39;00m Styler([38;5;28mself[39m)

File [0;32m~/miniconda3/envs/wine-origin-prediction/lib/python3.11/site-packages/pandas/io/formats/style.py:85[0m
[1;32m     82[0m     [38;5;28;01mfrom[39;00m [38;5;21;01mpandas[39;00m [38;5;28;01mimport[39;00m ExcelWriter
[1;32m     84[0m [38;5;28;01mtry[39;00m:
[0;32m---> 85[0m     [38;5;28;01mimport[39;00m [38;5;21;01mmatplotlib[39;00m [38;5;28;01mas[39;00m [38;5;21;01mmpl[39;00m
[1;32m     86[0m     [38;5;28;01mimport[39;00m [38;5;21;01mmatplotlib[39;00m[38;5;21;01m.[39;00m[38;5;21;01mpyplot[39;00m [38;5;28;01mas[39;00m [38;5;21;01mplt[39;00m
[1;32m     88[0m     has_mpl [38;5;241m=[39m [38;5;28;01mTrue[39;00m

File [0;32m~/miniconda3/envs/wine-origin-prediction/lib/python3.11/site-packages/matplotlib/__init__.py:161[0m
[1;32m    157[0m [38;5;28;01mfrom[39;00m [38;5;21;01mpackaging[39;00m[38;5;21;01m.[39;00m[38;5;21;01mversion[39;00m [38;5;28;01mimport[39;00m parse [38;5;28;01mas[39;00m parse_version
[1;32m    159[0m [38;5;66;03m# cbook must import matplotlib only within function[39;00m
[1;32m    160[0m [38;5;66;03m# definitions, so it is safe to import from it here.[39;00m
[0;32m--> 161[0m [38;5;28;01mfrom[39;00m [38;5;21;01m.[39;00m [38;5;28;01mimport[39;00m _api, _version, cbook, _docstring, rcsetup
[1;32m    162[0m [38;5;28;01mfrom[39;00m [38;5;21;01mmatplotlib[39;00m[38;5;21;01m.[39;00m[38;5;21;01mcbook[39;00m [38;5;28;01mimport[39;00m sanitize_sequence
[1;32m    163[0m [38;5;28;01mfrom[39;00m [38;5;21;01mmatplotlib[39;00m[38;5;21;01m.[39;00m[38;5;21;01m_api[39;00m [38;5;28;01mimport[39;00m MatplotlibDeprecationWarning

File [0;32m<frozen importlib._bootstrap>:1176[0m, in [0;36m_find_and_load[0;34m(name, import_)[0m

File [0;32m<frozen importlib._bootstrap>:1147[0m, in [0;36m_find_and_load_unlocked[0;34m(name, import_)[0m

File [0;32m<frozen importlib._bootstrap>:690[0m, in [0;36m_load_unlocked[0;34m(spec)[0m

File [0;32m<frozen importlib._bootstrap_external>:936[0m, in [0;36mexec_module[0;34m(self, module)[0m

File [0;32m<frozen importlib._bootstrap_external>:1069[0m, in [0;36mget_code[0;34m(self, fullname)[0m

File [0;32m<frozen importlib._bootstrap_external>:729[0m, in [0;36m_compile_bytecode[0;34m(data, name, bytecode_path, source_path)[0m

[0;31mKeyboardInterrupt[0m: 

